Using pre-set license
Built from '2020.3/china_unity/release' branch; Version is '2020.3.30f1c1 (b9cd9c36b8f8) revision 12176796'; Using compiler version '192528614'; Build Type 'Release'
OS: 'Windows 10  (10.0.19042) 64bit Professional' Language: 'zh' Physical Memory: 8077 MB
BatchMode: 1, IsHumanControllingUs: 0, StartBugReporterOnCrash: 0, Is64bit: 1, IsPro: 0

COMMAND LINE ARGUMENTS:
D:\Me\tools\Unity\Editor\2020.3.30f1c1\Editor\Unity.exe
-adb2
-batchMode
-noUpm
-name
AssetImportWorker0
-projectPath
D:/Me/Unity Projects/FPS online
-logFile
Logs/AssetImportWorker0.log
-srvPort
59910
Successfully changed project path to: D:/Me/Unity Projects/FPS online
D:/Me/Unity Projects/FPS online
Using Asset Import Pipeline V2.
AS: AutoStreaming module initializing.Refreshing native plugins compatible for Editor in 66.82 ms, found 2 plugins.
Preloading 0 native plugins for Editor in 0.00 ms.
Initialize engine version: 2020.3.30f1c1 (b9cd9c36b8f8)
[Subsystems] Discovering subsystems at path D:/Me/tools/Unity/Editor/2020.3.30f1c1/Editor/Data/Resources/UnitySubsystems
[Subsystems] Discovering subsystems at path D:/Me/Unity Projects/FPS online/Assets
GfxDevice: creating device client; threaded=0
Direct3D:
    Version:  Direct3D 11.0 [level 11.1]
    Renderer: NVIDIA GeForce MX150 (ID=0x1d10)
    Vendor:   
    VRAM:     1983 MB
    Driver:   27.21.14.6627
Initialize mono
Mono path[0] = 'D:/Me/tools/Unity/Editor/2020.3.30f1c1/Editor/Data/Managed'
Mono path[1] = 'D:/Me/tools/Unity/Editor/2020.3.30f1c1/Editor/Data/MonoBleedingEdge/lib/mono/unityjit'
Mono config path = 'D:/Me/tools/Unity/Editor/2020.3.30f1c1/Editor/Data/MonoBleedingEdge/etc'
Using monoOptions --debugger-agent=transport=dt_socket,embedding=1,server=y,suspend=n,address=127.0.0.1:56552
Begin MonoManager ReloadAssembly
Registering precompiled unity dll's ...
Register platform support module: D:/Me/tools/Unity/Editor/2020.3.30f1c1/Editor/Data/PlaybackEngines/WebGLSupport/UnityEditor.WebGL.Extensions.dll
Register platform support module: D:/Me/tools/Unity/Editor/2020.3.30f1c1/Editor/Data/PlaybackEngines/WindowsStandaloneSupport/UnityEditor.WindowsStandalone.Extensions.dll
Registered in 0.001689 seconds.
Native extension for WindowsStandalone target not found
Native extension for WebGL target not found
Refreshing native plugins compatible for Editor in 59.09 ms, found 2 plugins.
Preloading 0 native plugins for Editor in 0.00 ms.
Mono: successfully reloaded assembly
- Completed reload, in  0.658 seconds
Domain Reload Profiling:
	ReloadAssembly (659ms)
		BeginReloadAssembly (67ms)
			ExecutionOrderSort (0ms)
			DisableScriptedObjects (0ms)
			BackupInstance (0ms)
			ReleaseScriptingObjects (0ms)
			CreateAndSetChildDomain (1ms)
		EndReloadAssembly (517ms)
			LoadAssemblies (67ms)
			RebuildTransferFunctionScriptingTraits (0ms)
			SetupTypeCache (166ms)
			ReleaseScriptCaches (0ms)
			RebuildScriptCaches (35ms)
			SetupLoadedEditorAssemblies (204ms)
				LogAssemblyErrors (0ms)
				InitializePlatformSupportModulesInManaged (6ms)
				SetLoadedEditorAssemblies (0ms)
				RefreshPlugins (59ms)
				BeforeProcessingInitializeOnLoad (18ms)
				ProcessInitializeOnLoadAttributes (90ms)
				ProcessInitializeOnLoadMethodAttributes (31ms)
				AfterProcessingInitializeOnLoad (0ms)
				EditorAssembliesLoaded (0ms)
			ExecutionOrderSort2 (0ms)
			AwakeInstancesAfterBackupRestoration (0ms)
Platform modules already initialized, skipping
Registering precompiled user dll's ...
Registered in 0.002816 seconds.
Begin MonoManager ReloadAssembly
Native extension for WindowsStandalone target not found
Native extension for WebGL target not found
Refreshing native plugins compatible for Editor in 0.55 ms, found 2 plugins.
Preloading 0 native plugins for Editor in 0.00 ms.
Mono: successfully reloaded assembly
- Completed reload, in  1.191 seconds
Domain Reload Profiling:
	ReloadAssembly (1192ms)
		BeginReloadAssembly (190ms)
			ExecutionOrderSort (0ms)
			DisableScriptedObjects (6ms)
			BackupInstance (0ms)
			ReleaseScriptingObjects (0ms)
			CreateAndSetChildDomain (26ms)
		EndReloadAssembly (942ms)
			LoadAssemblies (128ms)
			RebuildTransferFunctionScriptingTraits (0ms)
			SetupTypeCache (317ms)
			ReleaseScriptCaches (0ms)
			RebuildScriptCaches (53ms)
			SetupLoadedEditorAssemblies (349ms)
				LogAssemblyErrors (0ms)
				InitializePlatformSupportModulesInManaged (5ms)
				SetLoadedEditorAssemblies (1ms)
				RefreshPlugins (1ms)
				BeforeProcessingInitializeOnLoad (95ms)
				ProcessInitializeOnLoadAttributes (234ms)
				ProcessInitializeOnLoadMethodAttributes (10ms)
				AfterProcessingInitializeOnLoad (3ms)
				EditorAssembliesLoaded (0ms)
			ExecutionOrderSort2 (0ms)
			AwakeInstancesAfterBackupRestoration (7ms)
Platform modules already initialized, skipping
========================================================================
Worker process is ready to serve import requests
Launched and connected shader compiler UnityShaderCompiler.exe after 0.13 seconds
Refreshing native plugins compatible for Editor in 0.71 ms, found 2 plugins.
Preloading 0 native plugins for Editor in 0.00 ms.
Unloading 2148 Unused Serialized files (Serialized files now loaded: 0)
System memory in use before: 94.1 MB.
System memory in use after: 94.2 MB.

Unloading 18 unused Assets to reduce memory usage. Loaded Objects now: 2586.
Total: 3.572100 ms (FindLiveObjects: 0.284200 ms CreateObjectMapping: 0.107800 ms MarkObjects: 3.058900 ms  DeleteObjects: 0.119900 ms)

AssetImportParameters requested are different than current active one (requested -> active):
  custom:framework-win-MediaFoundation: 216162199b28c13a410421893ffa2e32 -> 
  custom:video-decoder-ogg-theora: a1e56fd34408186e4bbccfd4996cb3dc -> 
  custom:container-muxer-webm: aa71ff27fc2769a1b78a27578f13a17b -> 
  custom:container-demuxer-webm: 4f35f7cbe854078d1ac9338744f61a02 -> 
  custom:container-demuxer-ogg: 62fdf1f143b41e24485cea50d1cbac27 -> 
  custom:video-encoder-webm-vp8: eb34c28f22e8b96e1ab97ce403110664 -> 
  custom:video-decoder-webm-vp8: 9c59270c3fd7afecdb556c50c9e8de78 -> 
  custom:audio-decoder-ogg-vorbis: bf7c407c2cedff20999df2af8eb42d56 -> 
  custom:audio-encoder-webm-vorbis: bf7c407c2cedff20999df2af8eb42d56 -> 
========================================================================
Received Import Request.
  path: Assets/FPS/Audio/SFX
  artifactKey: Guid(75dd3a7bde0fda14d8c65a0f25c66a29) Importer(815301076,1909f56bfc062723c751e8b465ee728b)
Start importing Assets/FPS/Audio/SFX using Guid(75dd3a7bde0fda14d8c65a0f25c66a29) Importer(815301076,1909f56bfc062723c751e8b465ee728b)  -> (artifact id: '995d7bae43c55b2e256135a4cfac9ae8') in 0.010539 seconds 
========================================================================
Received Import Request.
  Time since last request: 0.000397 seconds.
  path: Assets/FPS/Audio/MainAudioMixer.mixer
  artifactKey: Guid(fcc71635aab95ff4fbdf1880bf2afa2f) Importer(815301076,1909f56bfc062723c751e8b465ee728b)
Start importing Assets/FPS/Audio/MainAudioMixer.mixer using Guid(fcc71635aab95ff4fbdf1880bf2afa2f) Importer(815301076,1909f56bfc062723c751e8b465ee728b)  -> (artifact id: 'a7b1163b12a18c236b0fdef585f32f01') in 0.084798 seconds 
========================================================================
Received Import Request.
  Time since last request: 0.000396 seconds.
  path: Assets/FPS/Audio/Music/Wind Ambience.mp3
  artifactKey: Guid(d8003de4be5900347a2c96ef75315675) Importer(815301076,1909f56bfc062723c751e8b465ee728b)
Start importing Assets/FPS/Audio/Music/Wind Ambience.mp3 using Guid(d8003de4be5900347a2c96ef75315675) Importer(815301076,1909f56bfc062723c751e8b465ee728b)  -> (artifact id: 'b961e9b80e42fa590cefeba029a4228e') in 0.139993 seconds 
========================================================================
Received Import Request.
  Time since last request: 0.000374 seconds.
  path: Assets/FPS/Audio/Music
  artifactKey: Guid(c3757fa6bee8fee4fb6ee4623da674f9) Importer(815301076,1909f56bfc062723c751e8b465ee728b)
Start importing Assets/FPS/Audio/Music using Guid(c3757fa6bee8fee4fb6ee4623da674f9) Importer(815301076,1909f56bfc062723c751e8b465ee728b)  -> (artifact id: 'b6b14c24d2991363dd40c4e7b4b7cfb7') in 0.011066 seconds 
========================================================================
Received Import Request.
  Time since last request: 0.251288 seconds.
  path: Assets/FPS/Audio/SFX/Weapons
  artifactKey: Guid(faad7d565b2a8bc488170fc7918b115a) Importer(815301076,1909f56bfc062723c751e8b465ee728b)
Start importing Assets/FPS/Audio/SFX/Weapons using Guid(faad7d565b2a8bc488170fc7918b115a) Importer(815301076,1909f56bfc062723c751e8b465ee728b)  -> (artifact id: 'bd700a5bf093684f3f742c77b0a4ea88') in 0.008901 seconds 
========================================================================
Received Import Request.
  Time since last request: 0.124018 seconds.
  path: Assets/FPS/Audio/SFX/Weapons/Blaster_Shot.wav
  artifactKey: Guid(53d2238f4c4b2aa4f8e559c7af9e0126) Importer(815301076,1909f56bfc062723c751e8b465ee728b)
Start importing Assets/FPS/Audio/SFX/Weapons/Blaster_Shot.wav using Guid(53d2238f4c4b2aa4f8e559c7af9e0126) Importer(815301076,1909f56bfc062723c751e8b465ee728b)  -> (artifact id: '687090889e3f97f86b19fef97123a2e2') in 0.028622 seconds 
========================================================================
Received Import Request.
  Time since last request: 0.000362 seconds.
  path: Assets/FPS/Audio/SFX/Weapons/Launcher_Charge_BuildUp.wav
  artifactKey: Guid(7a0479c7c60da2d45b93a1af1afe6c1e) Importer(815301076,1909f56bfc062723c751e8b465ee728b)
Start importing Assets/FPS/Audio/SFX/Weapons/Launcher_Charge_BuildUp.wav using Guid(7a0479c7c60da2d45b93a1af1afe6c1e) Importer(815301076,1909f56bfc062723c751e8b465ee728b)  -> (artifact id: '375a30353a7bdd6ff469d523d81f3758') in 0.028474 seconds 
========================================================================
Received Import Request.
  Time since last request: 0.000378 seconds.
  path: Assets/FPS/Audio/SFX/Weapons/Launcher_Release.wav
  artifactKey: Guid(0cacf9e8e361eb24e9101b28422f7c08) Importer(815301076,1909f56bfc062723c751e8b465ee728b)
Start importing Assets/FPS/Audio/SFX/Weapons/Launcher_Release.wav using Guid(0cacf9e8e361eb24e9101b28422f7c08) Importer(815301076,1909f56bfc062723c751e8b465ee728b)  -> (artifact id: '1d50e04c9f20a282c8d97fc842754e85') in 0.030602 seconds 
========================================================================
Received Import Request.
  Time since last request: 0.000445 seconds.
  path: Assets/FPS/Audio/SFX/Weapons/Shotgun_Shot.wav
  artifactKey: Guid(be87267ec54c5264daffd2ffeb91d6a7) Importer(815301076,1909f56bfc062723c751e8b465ee728b)
Start importing Assets/FPS/Audio/SFX/Weapons/Shotgun_Shot.wav using Guid(be87267ec54c5264daffd2ffeb91d6a7) Importer(815301076,1909f56bfc062723c751e8b465ee728b)  -> (artifact id: '5c80ad4a5743ca8a904e5010ad31854e') in 0.030036 seconds 
========================================================================
Received Import Request.
  Time since last request: 0.000333 seconds.
  path: Assets/FPS/Audio/SFX/Weapons/Launcher_Charge_Loop.wav
  artifactKey: Guid(b78fcf1f89aacdb468ce983629886f2d) Importer(815301076,1909f56bfc062723c751e8b465ee728b)
Start importing Assets/FPS/Audio/SFX/Weapons/Launcher_Charge_Loop.wav using Guid(b78fcf1f89aacdb468ce983629886f2d) Importer(815301076,1909f56bfc062723c751e8b465ee728b)  -> (artifact id: 'f086babac29316170f2e99995846cf55') in 0.027103 seconds 
========================================================================
Received Import Request.
  Time since last request: 0.000337 seconds.
  path: Assets/FPS/Audio/SFX/Weapons/Launcher_Explosion.wav
  artifactKey: Guid(cba089de3eef16d46baeda4077140a74) Importer(815301076,1909f56bfc062723c751e8b465ee728b)
Start importing Assets/FPS/Audio/SFX/Weapons/Launcher_Explosion.wav using Guid(cba089de3eef16d46baeda4077140a74) Importer(815301076,1909f56bfc062723c751e8b465ee728b)  -> (artifact id: '541a0b727531817d60f15b6150a0530b') in 0.032133 seconds 
========================================================================
Received Import Request.
  Time since last request: 0.000280 seconds.
  path: Assets/FPS/Audio/SFX/Weapons/Weapon_Cooling.wav
  artifactKey: Guid(93331a7c9fe98494a84f18effb358899) Importer(815301076,1909f56bfc062723c751e8b465ee728b)
Start importing Assets/FPS/Audio/SFX/Weapons/Weapon_Cooling.wav using Guid(93331a7c9fe98494a84f18effb358899) Importer(815301076,1909f56bfc062723c751e8b465ee728b)  -> (artifact id: 'f42b592cff43c5451eba85ae71e666de') in 0.025342 seconds 
========================================================================
Received Import Request.
  Time since last request: 191.631731 seconds.
  path: Assets/FPS/Audio/SFX/Enemies
  artifactKey: Guid(eb86311fd1b9b2a45a573aabd47d5319) Importer(815301076,1909f56bfc062723c751e8b465ee728b)
Start importing Assets/FPS/Audio/SFX/Enemies using Guid(eb86311fd1b9b2a45a573aabd47d5319) Importer(815301076,1909f56bfc062723c751e8b465ee728b)  -> (artifact id: 'e8ff8c7dad58be201d7a4e268689675d') in 0.014318 seconds 
========================================================================
Received Prepare
Registering precompiled user dll's ...
Registered in 0.004755 seconds.
Begin MonoManager ReloadAssembly
Native extension for WindowsStandalone target not found
Native extension for WebGL target not found
Refreshing native plugins compatible for Editor in 0.87 ms, found 2 plugins.
Preloading 0 native plugins for Editor in 0.00 ms.
Mono: successfully reloaded assembly
- Completed reload, in  2.661 seconds
Domain Reload Profiling:
	ReloadAssembly (2663ms)
		BeginReloadAssembly (275ms)
			ExecutionOrderSort (0ms)
			DisableScriptedObjects (11ms)
			BackupInstance (0ms)
			ReleaseScriptingObjects (0ms)
			CreateAndSetChildDomain (77ms)
		EndReloadAssembly (2241ms)
			LoadAssemblies (239ms)
			RebuildTransferFunctionScriptingTraits (0ms)
			SetupTypeCache (940ms)
			ReleaseScriptCaches (3ms)
			RebuildScriptCaches (121ms)
			SetupLoadedEditorAssemblies (710ms)
				LogAssemblyErrors (0ms)
				InitializePlatformSupportModulesInManaged (13ms)
				SetLoadedEditorAssemblies (1ms)
				RefreshPlugins (1ms)
				BeforeProcessingInitializeOnLoad (186ms)
				ProcessInitializeOnLoadAttributes (484ms)
				ProcessInitializeOnLoadMethodAttributes (18ms)
				AfterProcessingInitializeOnLoad (6ms)
				EditorAssembliesLoaded (1ms)
			ExecutionOrderSort2 (0ms)
			AwakeInstancesAfterBackupRestoration (14ms)
Platform modules already initialized, skipping
Refreshing native plugins compatible for Editor in 1.28 ms, found 2 plugins.
Preloading 0 native plugins for Editor in 0.00 ms.
Unloading 2108 Unused Serialized files (Serialized files now loaded: 0)
System memory in use before: 93.7 MB.
System memory in use after: 93.7 MB.

Unloading 13 unused Assets to reduce memory usage. Loaded Objects now: 2597.
Total: 4.938800 ms (FindLiveObjects: 0.267900 ms CreateObjectMapping: 0.180200 ms MarkObjects: 4.388200 ms  DeleteObjects: 0.100500 ms)

AssetImportParameters requested are different than current active one (requested -> active):
  custom:framework-win-MediaFoundation: 216162199b28c13a410421893ffa2e32 -> 
  custom:video-decoder-ogg-theora: a1e56fd34408186e4bbccfd4996cb3dc -> 
  custom:container-muxer-webm: aa71ff27fc2769a1b78a27578f13a17b -> 
  custom:container-demuxer-webm: 4f35f7cbe854078d1ac9338744f61a02 -> 
  custom:container-demuxer-ogg: 62fdf1f143b41e24485cea50d1cbac27 -> 
  custom:video-encoder-webm-vp8: eb34c28f22e8b96e1ab97ce403110664 -> 
  custom:video-decoder-webm-vp8: 9c59270c3fd7afecdb556c50c9e8de78 -> 
  custom:audio-decoder-ogg-vorbis: bf7c407c2cedff20999df2af8eb42d56 -> 
  custom:audio-encoder-webm-vorbis: bf7c407c2cedff20999df2af8eb42d56 -> 
========================================================================
Received Import Request.
  Time since last request: 220.621997 seconds.
  path: Assets/ThePrefabs/Weapon.prefab
  artifactKey: Guid(697a45cc2544dae408c35eebba9f5453) Importer(815301076,1909f56bfc062723c751e8b465ee728b)
Start importing Assets/ThePrefabs/Weapon.prefab using Guid(697a45cc2544dae408c35eebba9f5453) Importer(815301076,1909f56bfc062723c751e8b465ee728b)  -> (artifact id: 'f13d74d4e182055d06776a18c87fe2b9') in 0.177468 seconds 
========================================================================
Received Import Request.
  Time since last request: 16.642203 seconds.
  path: Assets/ThePrefabs/Weapon.prefab
  artifactKey: Guid(697a45cc2544dae408c35eebba9f5453) Importer(815301076,1909f56bfc062723c751e8b465ee728b)
Start importing Assets/ThePrefabs/Weapon.prefab using Guid(697a45cc2544dae408c35eebba9f5453) Importer(815301076,1909f56bfc062723c751e8b465ee728b)  -> (artifact id: '31bc1b2490c4014caa3e63e480e70b9b') in 0.040236 seconds 
========================================================================
Received Import Request.
  Time since last request: 1.163903 seconds.
  path: Assets/ThePrefabs/Weapon.prefab
  artifactKey: Guid(697a45cc2544dae408c35eebba9f5453) Importer(815301076,1909f56bfc062723c751e8b465ee728b)
Start importing Assets/ThePrefabs/Weapon.prefab using Guid(697a45cc2544dae408c35eebba9f5453) Importer(815301076,1909f56bfc062723c751e8b465ee728b)  -> (artifact id: '5785cb13a25ea1dd2d0f2f3af98ce6fb') in 0.035012 seconds 
========================================================================
Received Prepare
Registering precompiled user dll's ...
Registered in 0.006645 seconds.
Begin MonoManager ReloadAssembly
Native extension for WindowsStandalone target not found
Native extension for WebGL target not found
Refreshing native plugins compatible for Editor in 0.81 ms, found 2 plugins.
Preloading 0 native plugins for Editor in 0.00 ms.
Mono: successfully reloaded assembly
- Completed reload, in  2.088 seconds
Domain Reload Profiling:
	ReloadAssembly (2089ms)
		BeginReloadAssembly (169ms)
			ExecutionOrderSort (0ms)
			DisableScriptedObjects (7ms)
			BackupInstance (0ms)
			ReleaseScriptingObjects (0ms)
			CreateAndSetChildDomain (52ms)
		EndReloadAssembly (1829ms)
			LoadAssemblies (145ms)
			RebuildTransferFunctionScriptingTraits (0ms)
			SetupTypeCache (674ms)
			ReleaseScriptCaches (2ms)
			RebuildScriptCaches (114ms)
			SetupLoadedEditorAssemblies (624ms)
				LogAssemblyErrors (0ms)
				InitializePlatformSupportModulesInManaged (10ms)
				SetLoadedEditorAssemblies (1ms)
				RefreshPlugins (1ms)
				BeforeProcessingInitializeOnLoad (162ms)
				ProcessInitializeOnLoadAttributes (426ms)
				ProcessInitializeOnLoadMethodAttributes (19ms)
				AfterProcessingInitializeOnLoad (5ms)
				EditorAssembliesLoaded (1ms)
			ExecutionOrderSort2 (0ms)
			AwakeInstancesAfterBackupRestoration (14ms)
Platform modules already initialized, skipping
Refreshing native plugins compatible for Editor in 1.50 ms, found 2 plugins.
Preloading 0 native plugins for Editor in 0.00 ms.
Unloading 2108 Unused Serialized files (Serialized files now loaded: 0)
System memory in use before: 93.7 MB.
System memory in use after: 93.8 MB.

Unloading 13 unused Assets to reduce memory usage. Loaded Objects now: 2600.
Total: 4.915100 ms (FindLiveObjects: 0.277900 ms CreateObjectMapping: 0.169700 ms MarkObjects: 4.325200 ms  DeleteObjects: 0.140200 ms)

AssetImportParameters requested are different than current active one (requested -> active):
  custom:framework-win-MediaFoundation: 216162199b28c13a410421893ffa2e32 -> 
  custom:video-decoder-ogg-theora: a1e56fd34408186e4bbccfd4996cb3dc -> 
  custom:container-muxer-webm: aa71ff27fc2769a1b78a27578f13a17b -> 
  custom:container-demuxer-webm: 4f35f7cbe854078d1ac9338744f61a02 -> 
  custom:container-demuxer-ogg: 62fdf1f143b41e24485cea50d1cbac27 -> 
  custom:video-encoder-webm-vp8: eb34c28f22e8b96e1ab97ce403110664 -> 
  custom:video-decoder-webm-vp8: 9c59270c3fd7afecdb556c50c9e8de78 -> 
  custom:audio-decoder-ogg-vorbis: bf7c407c2cedff20999df2af8eb42d56 -> 
  custom:audio-encoder-webm-vorbis: bf7c407c2cedff20999df2af8eb42d56 -> 
========================================================================
Received Prepare
Registering precompiled user dll's ...
Registered in 0.003832 seconds.
Begin MonoManager ReloadAssembly
Native extension for WindowsStandalone target not found
Native extension for WebGL target not found
Refreshing native plugins compatible for Editor in 0.82 ms, found 2 plugins.
Preloading 0 native plugins for Editor in 0.00 ms.
Mono: successfully reloaded assembly
- Completed reload, in  1.422 seconds
Domain Reload Profiling:
	ReloadAssembly (1423ms)
		BeginReloadAssembly (159ms)
			ExecutionOrderSort (0ms)
			DisableScriptedObjects (7ms)
			BackupInstance (0ms)
			ReleaseScriptingObjects (0ms)
			CreateAndSetChildDomain (42ms)
		EndReloadAssembly (1190ms)
			LoadAssemblies (125ms)
			RebuildTransferFunctionScriptingTraits (0ms)
			SetupTypeCache (379ms)
			ReleaseScriptCaches (1ms)
			RebuildScriptCaches (52ms)
			SetupLoadedEditorAssemblies (488ms)
				LogAssemblyErrors (0ms)
				InitializePlatformSupportModulesInManaged (37ms)
				SetLoadedEditorAssemblies (1ms)
				RefreshPlugins (1ms)
				BeforeProcessingInitializeOnLoad (137ms)
				ProcessInitializeOnLoadAttributes (297ms)
				ProcessInitializeOnLoadMethodAttributes (12ms)
				AfterProcessingInitializeOnLoad (3ms)
				EditorAssembliesLoaded (0ms)
			ExecutionOrderSort2 (0ms)
			AwakeInstancesAfterBackupRestoration (8ms)
Platform modules already initialized, skipping
Refreshing native plugins compatible for Editor in 0.63 ms, found 2 plugins.
Preloading 0 native plugins for Editor in 0.00 ms.
Unloading 2108 Unused Serialized files (Serialized files now loaded: 0)
System memory in use before: 93.8 MB.
System memory in use after: 93.8 MB.

Unloading 13 unused Assets to reduce memory usage. Loaded Objects now: 2602.
Total: 3.758000 ms (FindLiveObjects: 0.213500 ms CreateObjectMapping: 0.121400 ms MarkObjects: 3.344300 ms  DeleteObjects: 0.077400 ms)

AssetImportParameters requested are different than current active one (requested -> active):
  custom:framework-win-MediaFoundation: 216162199b28c13a410421893ffa2e32 -> 
  custom:video-decoder-ogg-theora: a1e56fd34408186e4bbccfd4996cb3dc -> 
  custom:container-muxer-webm: aa71ff27fc2769a1b78a27578f13a17b -> 
  custom:container-demuxer-webm: 4f35f7cbe854078d1ac9338744f61a02 -> 
  custom:container-demuxer-ogg: 62fdf1f143b41e24485cea50d1cbac27 -> 
  custom:video-encoder-webm-vp8: eb34c28f22e8b96e1ab97ce403110664 -> 
  custom:video-decoder-webm-vp8: 9c59270c3fd7afecdb556c50c9e8de78 -> 
  custom:audio-decoder-ogg-vorbis: bf7c407c2cedff20999df2af8eb42d56 -> 
  custom:audio-encoder-webm-vorbis: bf7c407c2cedff20999df2af8eb42d56 -> 
AssetImportWorkerClient::OnTransportError - code=2 error=End of file
